<?xml version="1.0" encoding="UTF-8"?>
<!-- Generated by org.testng.reporters.JUnitReportReporter -->
<testsuite hostname="DESKTOP-456211H" failures="0" tests="2" name="testNGPackage.VerifyInstagramLoginFunctionality" time="86.064" errors="0" timestamp="2023-02-13T21:41:23 IST" skipped="0">
  <testcase classname="testNGPackage.VerifyInstagramLoginFunctionality" name="verifySearchFunctionality" time="39.704"/>
  <system-out/>
  <testcase classname="testNGPackage.VerifyInstagramLoginFunctionality" name="verifySearchFunctionality" time="46.360"/>
  <system-out/>
</testsuite> <!-- testNGPackage.VerifyInstagramLoginFunctionality -->
